[INFO][main][2018-05-30 17:15:09][org.springframework.web.context.ContextLoader] - Root WebApplicationContext: initialization started
  [INFO][main][2018-05-30 17:15:09][org.springframework.context.support.AbstractApplicationContext] - Refreshing Root WebApplicationContext: startup date [Wed May 30 17:15:09 CST 2018]; root of context hierarchy
  [INFO][main][2018-05-30 17:15:10][org.springframework.beans.factory.xml.XmlBeanDefinitionReader] - Loading XML bean definitions from class path resource [spring-mybatis.xml]
  [WARN][main][2018-05-30 17:15:10][org.mybatis.spring.mapper.ClassPathMapperScanner] - No MyBatis mapper was found in '[org.pussinboots.morning.*.mapper]' package. Please check your configuration.
  [INFO][main][2018-05-30 17:15:10][org.springframework.beans.factory.annotation.AutowiredAnnotationBeanPostProcessor] - JSR-330 'javax.inject.Inject' annotation found and supported for autowiring
  [INFO][main][2018-05-30 17:15:12][com.alibaba.druid.pool.DruidDataSource] - {dataSource-1} inited
  [INFO][main][2018-05-30 17:15:12][org.springframework.web.context.ContextLoader] - Root WebApplicationContext: initialization completed in 2874 ms
  [INFO][main][2018-05-30 17:15:13][org.springframework.web.servlet.FrameworkServlet] - FrameworkServlet 'SpringMVC': initialization started
  [INFO][main][2018-05-30 17:15:13][org.springframework.context.support.AbstractApplicationContext] - Refreshing WebApplicationContext for namespace 'SpringMVC-servlet': startup date [Wed May 30 17:15:13 CST 2018]; parent: Root WebApplicationContext
  [INFO][main][2018-05-30 17:15:13][org.springframework.beans.factory.xml.XmlBeanDefinitionReader] - Loading XML bean definitions from class path resource [spring-mvc.xml]
  [INFO][main][2018-05-30 17:15:13][org.springframework.beans.factory.annotation.AutowiredAnnotationBeanPostProcessor] - JSR-330 'javax.inject.Inject' annotation found and supported for autowiring
  [INFO][main][2018-05-30 17:15:14][org.springframework.web.servlet.handler.AbstractHandlerMethodMapping$MappingRegistry] - Mapped "{[/websocket/login]}" onto public void com.fallwings.designer.remote.controller.WebSocketController.login(javax.servlet.http.HttpServletRequest,javax.servlet.http.HttpServletResponse) throws java.lang.Exception
  [INFO][main][2018-05-30 17:15:14][org.springframework.web.servlet.handler.AbstractHandlerMethodMapping$MappingRegistry] - Mapped "{[/websocket/send]}" onto public java.lang.String com.fallwings.designer.remote.controller.WebSocketController.send(java.lang.String,java.lang.String)
  [INFO][main][2018-05-30 17:15:14][org.springframework.web.servlet.mvc.method.annotation.RequestMappingHandlerAdapter] - Looking for @ControllerAdvice: WebApplicationContext for namespace 'SpringMVC-servlet': startup date [Wed May 30 17:15:13 CST 2018]; parent: Root WebApplicationContext
  [INFO][main][2018-05-30 17:15:14][org.springframework.web.servlet.mvc.method.annotation.RequestMappingHandlerAdapter] - Looking for @ControllerAdvice: WebApplicationContext for namespace 'SpringMVC-servlet': startup date [Wed May 30 17:15:13 CST 2018]; parent: Root WebApplicationContext
  [INFO][main][2018-05-30 17:15:15][org.springframework.web.servlet.handler.AbstractUrlHandlerMapping] - Mapped URL path [/**] onto handler 'org.springframework.web.servlet.resource.DefaultServletHttpRequestHandler#0'
  [INFO][main][2018-05-30 17:15:15][org.springframework.web.servlet.FrameworkServlet] - FrameworkServlet 'SpringMVC': initialization completed in 2187 ms
  [INFO][main][2018-05-30 17:27:36][org.springframework.web.context.ContextLoader] - Root WebApplicationContext: initialization started
  [INFO][main][2018-05-30 17:27:36][org.springframework.context.support.AbstractApplicationContext] - Refreshing Root WebApplicationContext: startup date [Wed May 30 17:27:36 CST 2018]; root of context hierarchy
  [INFO][main][2018-05-30 17:27:36][org.springframework.beans.factory.xml.XmlBeanDefinitionReader] - Loading XML bean definitions from class path resource [spring-mybatis.xml]
  [WARN][main][2018-05-30 17:27:37][org.mybatis.spring.mapper.ClassPathMapperScanner] - No MyBatis mapper was found in '[org.pussinboots.morning.*.mapper]' package. Please check your configuration.
  [INFO][main][2018-05-30 17:27:37][org.springframework.beans.factory.annotation.AutowiredAnnotationBeanPostProcessor] - JSR-330 'javax.inject.Inject' annotation found and supported for autowiring
  [INFO][main][2018-05-30 17:27:38][com.alibaba.druid.pool.DruidDataSource] - {dataSource-1} inited
  [INFO][main][2018-05-30 17:27:39][org.springframework.web.context.ContextLoader] - Root WebApplicationContext: initialization completed in 2997 ms
  [INFO][main][2018-05-30 17:27:39][org.springframework.web.servlet.FrameworkServlet] - FrameworkServlet 'SpringMVC': initialization started
  [INFO][main][2018-05-30 17:27:39][org.springframework.context.support.AbstractApplicationContext] - Refreshing WebApplicationContext for namespace 'SpringMVC-servlet': startup date [Wed May 30 17:27:39 CST 2018]; parent: Root WebApplicationContext
  [INFO][main][2018-05-30 17:27:39][org.springframework.beans.factory.xml.XmlBeanDefinitionReader] - Loading XML bean definitions from class path resource [spring-mvc.xml]
  [INFO][main][2018-05-30 17:27:39][org.springframework.beans.factory.support.DefaultListableBeanFactory] - Overriding bean definition for bean 'org.springframework.web.servlet.mvc.method.annotation.RequestMappingHandlerMapping' with a different definition: replacing [Root bean: class [org.springframework.web.servlet.mvc.method.annotation.RequestMappingHandlerMapping]; scope=; abstract=false; lazyInit=false; autowireMode=0; dependencyCheck=0; autowireCandidate=true; primary=false; factoryBeanName=null; factoryMethodName=null; initMethodName=null; destroyMethodName=null] with [Root bean: class [org.springframework.web.servlet.mvc.method.annotation.RequestMappingHandlerMapping]; scope=; abstract=false; lazyInit=false; autowireMode=0; dependencyCheck=0; autowireCandidate=true; primary=false; factoryBeanName=null; factoryMethodName=null; initMethodName=null; destroyMethodName=null]
  [INFO][main][2018-05-30 17:27:39][org.springframework.beans.factory.support.DefaultListableBeanFactory] - Overriding bean definition for bean 'org.springframework.web.servlet.mvc.method.annotation.RequestMappingHandlerAdapter' with a different definition: replacing [Root bean: class [org.springframework.web.servlet.mvc.method.annotation.RequestMappingHandlerAdapter]; scope=; abstract=false; lazyInit=false; autowireMode=0; dependencyCheck=0; autowireCandidate=true; primary=false; factoryBeanName=null; factoryMethodName=null; initMethodName=null; destroyMethodName=null] with [Root bean: class [org.springframework.web.servlet.mvc.method.annotation.RequestMappingHandlerAdapter]; scope=; abstract=false; lazyInit=false; autowireMode=0; dependencyCheck=0; autowireCandidate=true; primary=false; factoryBeanName=null; factoryMethodName=null; initMethodName=null; destroyMethodName=null]
  [INFO][main][2018-05-30 17:27:39][org.springframework.beans.factory.support.DefaultListableBeanFactory] - Overriding bean definition for bean 'mvcUriComponentsContributor' with a different definition: replacing [Root bean: class [org.springframework.web.servlet.config.AnnotationDrivenBeanDefinitionParser$CompositeUriComponentsContributorFactoryBean]; scope=; abstract=false; lazyInit=false; autowireMode=0; dependencyCheck=0; autowireCandidate=true; primary=false; factoryBeanName=null; factoryMethodName=null; initMethodName=null; destroyMethodName=null] with [Root bean: class [org.springframework.web.servlet.config.AnnotationDrivenBeanDefinitionParser$CompositeUriComponentsContributorFactoryBean]; scope=; abstract=false; lazyInit=false; autowireMode=0; dependencyCheck=0; autowireCandidate=true; primary=false; factoryBeanName=null; factoryMethodName=null; initMethodName=null; destroyMethodName=null]
  [INFO][main][2018-05-30 17:27:39][org.springframework.beans.factory.annotation.AutowiredAnnotationBeanPostProcessor] - JSR-330 'javax.inject.Inject' annotation found and supported for autowiring
  [INFO][main][2018-05-30 17:27:40][org.springframework.web.servlet.handler.AbstractHandlerMethodMapping$MappingRegistry] - Mapped "{[/websocket/login]}" onto public void com.fallwings.designer.remote.controller.WebSocketController.login(javax.servlet.http.HttpServletRequest,javax.servlet.http.HttpServletResponse) throws java.lang.Exception
  [INFO][main][2018-05-30 17:27:40][org.springframework.web.servlet.handler.AbstractHandlerMethodMapping$MappingRegistry] - Mapped "{[/websocket/send]}" onto public java.lang.String com.fallwings.designer.remote.controller.WebSocketController.send(java.lang.String,java.lang.String)
  [INFO][main][2018-05-30 17:27:41][org.springframework.web.servlet.mvc.method.annotation.RequestMappingHandlerAdapter] - Looking for @ControllerAdvice: WebApplicationContext for namespace 'SpringMVC-servlet': startup date [Wed May 30 17:27:39 CST 2018]; parent: Root WebApplicationContext
  [INFO][main][2018-05-30 17:27:41][org.springframework.web.servlet.mvc.method.annotation.RequestMappingHandlerAdapter] - Looking for @ControllerAdvice: WebApplicationContext for namespace 'SpringMVC-servlet': startup date [Wed May 30 17:27:39 CST 2018]; parent: Root WebApplicationContext
  [INFO][main][2018-05-30 17:27:41][org.springframework.web.servlet.handler.AbstractUrlHandlerMapping] - Mapped URL path [/**] onto handler 'org.springframework.web.servlet.resource.DefaultServletHttpRequestHandler#0'
  [INFO][main][2018-05-30 17:27:42][org.springframework.web.servlet.FrameworkServlet] - FrameworkServlet 'SpringMVC': initialization completed in 2810 ms
  [INFO][main][2018-05-30 17:28:55][org.springframework.web.context.ContextLoader] - Root WebApplicationContext: initialization started
  [INFO][main][2018-05-30 17:28:55][org.springframework.context.support.AbstractApplicationContext] - Refreshing Root WebApplicationContext: startup date [Wed May 30 17:28:55 CST 2018]; root of context hierarchy
  [INFO][main][2018-05-30 17:28:55][org.springframework.beans.factory.xml.XmlBeanDefinitionReader] - Loading XML bean definitions from class path resource [spring-mybatis.xml]
  [WARN][main][2018-05-30 17:28:56][org.mybatis.spring.mapper.ClassPathMapperScanner] - No MyBatis mapper was found in '[org.pussinboots.morning.*.mapper]' package. Please check your configuration.
  [INFO][main][2018-05-30 17:28:56][org.springframework.beans.factory.annotation.AutowiredAnnotationBeanPostProcessor] - JSR-330 'javax.inject.Inject' annotation found and supported for autowiring
  [INFO][main][2018-05-30 17:28:57][com.alibaba.druid.pool.DruidDataSource] - {dataSource-1} inited
  [INFO][main][2018-05-30 17:28:58][org.springframework.web.context.ContextLoader] - Root WebApplicationContext: initialization completed in 2789 ms
  [INFO][main][2018-05-30 17:28:58][org.springframework.web.servlet.FrameworkServlet] - FrameworkServlet 'SpringMVC': initialization started
  [INFO][main][2018-05-30 17:28:58][org.springframework.context.support.AbstractApplicationContext] - Refreshing WebApplicationContext for namespace 'SpringMVC-servlet': startup date [Wed May 30 17:28:58 CST 2018]; parent: Root WebApplicationContext
  [INFO][main][2018-05-30 17:28:58][org.springframework.beans.factory.xml.XmlBeanDefinitionReader] - Loading XML bean definitions from class path resource [spring-mvc.xml]
  [INFO][main][2018-05-30 17:28:58][org.springframework.beans.factory.support.DefaultListableBeanFactory] - Overriding bean definition for bean 'org.springframework.web.servlet.mvc.method.annotation.RequestMappingHandlerMapping' with a different definition: replacing [Root bean: class [org.springframework.web.servlet.mvc.method.annotation.RequestMappingHandlerMapping]; scope=; abstract=false; lazyInit=false; autowireMode=0; dependencyCheck=0; autowireCandidate=true; primary=false; factoryBeanName=null; factoryMethodName=null; initMethodName=null; destroyMethodName=null] with [Root bean: class [org.springframework.web.servlet.mvc.method.annotation.RequestMappingHandlerMapping]; scope=; abstract=false; lazyInit=false; autowireMode=0; dependencyCheck=0; autowireCandidate=true; primary=false; factoryBeanName=null; factoryMethodName=null; initMethodName=null; destroyMethodName=null]
  [INFO][main][2018-05-30 17:28:58][org.springframework.beans.factory.support.DefaultListableBeanFactory] - Overriding bean definition for bean 'org.springframework.web.servlet.mvc.method.annotation.RequestMappingHandlerAdapter' with a different definition: replacing [Root bean: class [org.springframework.web.servlet.mvc.method.annotation.RequestMappingHandlerAdapter]; scope=; abstract=false; lazyInit=false; autowireMode=0; dependencyCheck=0; autowireCandidate=true; primary=false; factoryBeanName=null; factoryMethodName=null; initMethodName=null; destroyMethodName=null] with [Root bean: class [org.springframework.web.servlet.mvc.method.annotation.RequestMappingHandlerAdapter]; scope=; abstract=false; lazyInit=false; autowireMode=0; dependencyCheck=0; autowireCandidate=true; primary=false; factoryBeanName=null; factoryMethodName=null; initMethodName=null; destroyMethodName=null]
  [INFO][main][2018-05-30 17:28:58][org.springframework.beans.factory.support.DefaultListableBeanFactory] - Overriding bean definition for bean 'mvcUriComponentsContributor' with a different definition: replacing [Root bean: class [org.springframework.web.servlet.config.AnnotationDrivenBeanDefinitionParser$CompositeUriComponentsContributorFactoryBean]; scope=; abstract=false; lazyInit=false; autowireMode=0; dependencyCheck=0; autowireCandidate=true; primary=false; factoryBeanName=null; factoryMethodName=null; initMethodName=null; destroyMethodName=null] with [Root bean: class [org.springframework.web.servlet.config.AnnotationDrivenBeanDefinitionParser$CompositeUriComponentsContributorFactoryBean]; scope=; abstract=false; lazyInit=false; autowireMode=0; dependencyCheck=0; autowireCandidate=true; primary=false; factoryBeanName=null; factoryMethodName=null; initMethodName=null; destroyMethodName=null]
  [INFO][main][2018-05-30 17:28:58][org.springframework.beans.factory.annotation.AutowiredAnnotationBeanPostProcessor] - JSR-330 'javax.inject.Inject' annotation found and supported for autowiring
  [INFO][main][2018-05-30 17:28:59][org.springframework.web.servlet.handler.AbstractHandlerMethodMapping$MappingRegistry] - Mapped "{[/websocket/login]}" onto public void com.fallwings.designer.remote.controller.WebSocketController.login(javax.servlet.http.HttpServletRequest,javax.servlet.http.HttpServletResponse) throws java.lang.Exception
  [INFO][main][2018-05-30 17:28:59][org.springframework.web.servlet.handler.AbstractHandlerMethodMapping$MappingRegistry] - Mapped "{[/websocket/send]}" onto public java.lang.String com.fallwings.designer.remote.controller.WebSocketController.send(java.lang.String,java.lang.String)
  [INFO][main][2018-05-30 17:28:59][org.springframework.web.servlet.mvc.method.annotation.RequestMappingHandlerAdapter] - Looking for @ControllerAdvice: WebApplicationContext for namespace 'SpringMVC-servlet': startup date [Wed May 30 17:28:58 CST 2018]; parent: Root WebApplicationContext
  [INFO][main][2018-05-30 17:28:59][org.springframework.web.servlet.mvc.method.annotation.RequestMappingHandlerAdapter] - Looking for @ControllerAdvice: WebApplicationContext for namespace 'SpringMVC-servlet': startup date [Wed May 30 17:28:58 CST 2018]; parent: Root WebApplicationContext
  [INFO][main][2018-05-30 17:29:00][org.springframework.web.servlet.handler.AbstractUrlHandlerMapping] - Mapped URL path [/**] onto handler 'org.springframework.web.servlet.resource.DefaultServletHttpRequestHandler#0'
  [INFO][main][2018-05-30 17:29:00][org.springframework.web.servlet.FrameworkServlet] - FrameworkServlet 'SpringMVC': initialization completed in 2287 ms
  [INFO][main][2018-05-30 17:37:02][org.springframework.web.context.ContextLoader] - Root WebApplicationContext: initialization started
  [INFO][main][2018-05-30 17:37:02][org.springframework.context.support.AbstractApplicationContext] - Refreshing Root WebApplicationContext: startup date [Wed May 30 17:37:02 CST 2018]; root of context hierarchy
  [INFO][main][2018-05-30 17:37:03][org.springframework.beans.factory.xml.XmlBeanDefinitionReader] - Loading XML bean definitions from class path resource [spring-mybatis.xml]
  [WARN][main][2018-05-30 17:37:03][org.mybatis.spring.mapper.ClassPathMapperScanner] - No MyBatis mapper was found in '[org.pussinboots.morning.*.mapper]' package. Please check your configuration.
  [INFO][main][2018-05-30 17:37:03][org.springframework.beans.factory.annotation.AutowiredAnnotationBeanPostProcessor] - JSR-330 'javax.inject.Inject' annotation found and supported for autowiring
  [INFO][main][2018-05-30 17:37:04][com.alibaba.druid.pool.DruidDataSource] - {dataSource-1} inited
  [INFO][main][2018-05-30 17:37:05][org.springframework.web.context.ContextLoader] - Root WebApplicationContext: initialization completed in 2790 ms
  [INFO][main][2018-05-30 17:37:05][org.springframework.web.servlet.FrameworkServlet] - FrameworkServlet 'SpringMVC': initialization started
  [INFO][main][2018-05-30 17:37:05][org.springframework.context.support.AbstractApplicationContext] - Refreshing WebApplicationContext for namespace 'SpringMVC-servlet': startup date [Wed May 30 17:37:05 CST 2018]; parent: Root WebApplicationContext
  [INFO][main][2018-05-30 17:37:05][org.springframework.beans.factory.xml.XmlBeanDefinitionReader] - Loading XML bean definitions from class path resource [spring-mvc.xml]
  [INFO][main][2018-05-30 17:37:06][org.springframework.beans.factory.support.DefaultListableBeanFactory] - Overriding bean definition for bean 'org.springframework.web.servlet.mvc.method.annotation.RequestMappingHandlerMapping' with a different definition: replacing [Root bean: class [org.springframework.web.servlet.mvc.method.annotation.RequestMappingHandlerMapping]; scope=; abstract=false; lazyInit=false; autowireMode=0; dependencyCheck=0; autowireCandidate=true; primary=false; factoryBeanName=null; factoryMethodName=null; initMethodName=null; destroyMethodName=null] with [Root bean: class [org.springframework.web.servlet.mvc.method.annotation.RequestMappingHandlerMapping]; scope=; abstract=false; lazyInit=false; autowireMode=0; dependencyCheck=0; autowireCandidate=true; primary=false; factoryBeanName=null; factoryMethodName=null; initMethodName=null; destroyMethodName=null]
  [INFO][main][2018-05-30 17:37:06][org.springframework.beans.factory.support.DefaultListableBeanFactory] - Overriding bean definition for bean 'org.springframework.web.servlet.mvc.method.annotation.RequestMappingHandlerAdapter' with a different definition: replacing [Root bean: class [org.springframework.web.servlet.mvc.method.annotation.RequestMappingHandlerAdapter]; scope=; abstract=false; lazyInit=false; autowireMode=0; dependencyCheck=0; autowireCandidate=true; primary=false; factoryBeanName=null; factoryMethodName=null; initMethodName=null; destroyMethodName=null] with [Root bean: class [org.springframework.web.servlet.mvc.method.annotation.RequestMappingHandlerAdapter]; scope=; abstract=false; lazyInit=false; autowireMode=0; dependencyCheck=0; autowireCandidate=true; primary=false; factoryBeanName=null; factoryMethodName=null; initMethodName=null; destroyMethodName=null]
  [INFO][main][2018-05-30 17:37:06][org.springframework.beans.factory.support.DefaultListableBeanFactory] - Overriding bean definition for bean 'mvcUriComponentsContributor' with a different definition: replacing [Root bean: class [org.springframework.web.servlet.config.AnnotationDrivenBeanDefinitionParser$CompositeUriComponentsContributorFactoryBean]; scope=; abstract=false; lazyInit=false; autowireMode=0; dependencyCheck=0; autowireCandidate=true; primary=false; factoryBeanName=null; factoryMethodName=null; initMethodName=null; destroyMethodName=null] with [Root bean: class [org.springframework.web.servlet.config.AnnotationDrivenBeanDefinitionParser$CompositeUriComponentsContributorFactoryBean]; scope=; abstract=false; lazyInit=false; autowireMode=0; dependencyCheck=0; autowireCandidate=true; primary=false; factoryBeanName=null; factoryMethodName=null; initMethodName=null; destroyMethodName=null]
  [INFO][main][2018-05-30 17:37:06][org.springframework.beans.factory.annotation.AutowiredAnnotationBeanPostProcessor] - JSR-330 'javax.inject.Inject' annotation found and supported for autowiring
  [INFO][main][2018-05-30 17:37:06][org.springframework.web.servlet.handler.AbstractHandlerMethodMapping$MappingRegistry] - Mapped "{[/websocket/send]}" onto public java.lang.String com.fallwings.designer.remote.controller.WebSocketController.send(java.lang.String,java.lang.String)
  [INFO][main][2018-05-30 17:37:06][org.springframework.web.servlet.handler.AbstractHandlerMethodMapping$MappingRegistry] - Mapped "{[/websocket/login]}" onto public void com.fallwings.designer.remote.controller.WebSocketController.login(javax.servlet.http.HttpServletRequest,javax.servlet.http.HttpServletResponse) throws java.lang.Exception
  [INFO][main][2018-05-30 17:37:07][org.springframework.web.servlet.mvc.method.annotation.RequestMappingHandlerAdapter] - Looking for @ControllerAdvice: WebApplicationContext for namespace 'SpringMVC-servlet': startup date [Wed May 30 17:37:05 CST 2018]; parent: Root WebApplicationContext
  [INFO][main][2018-05-30 17:37:07][org.springframework.web.servlet.mvc.method.annotation.RequestMappingHandlerAdapter] - Looking for @ControllerAdvice: WebApplicationContext for namespace 'SpringMVC-servlet': startup date [Wed May 30 17:37:05 CST 2018]; parent: Root WebApplicationContext
  [INFO][main][2018-05-30 17:37:07][org.springframework.web.servlet.handler.AbstractUrlHandlerMapping] - Mapped URL path [/**] onto handler 'org.springframework.web.servlet.resource.DefaultServletHttpRequestHandler#0'
  [INFO][main][2018-05-30 17:37:07][org.springframework.web.servlet.FrameworkServlet] - FrameworkServlet 'SpringMVC': initialization completed in 2104 ms
  